
Showing logs for build [32mcb-kubecd-environment-pr-187-15-w262r-1[0m stage [32mfrom-build-pack[0m and container [32mstep-credential-initializer-5xlst[0m
{"level":"warn","ts":1585031326.5432003,"logger":"fallback-logger","caller":"logging/config.go:69","msg":"Fetch GitHub commit ID from kodata failed: \"ref: refs/heads/0.8.0-**-support-backwards-incompats\" is not a valid GitHub commit ID"}
{"level":"info","ts":1585031326.5438826,"logger":"fallback-logger","caller":"creds-init/main.go:40","msg":"Credentials initialized."}

Showing logs for build [32mcb-kubecd-environment-pr-187-15-w262r-1[0m stage [32mfrom-build-pack[0m and container [32mstep-working-dir-initializer-cv4ts[0m
{"level":"warn","ts":1585031327.4832644,"logger":"fallback-logger","caller":"logging/config.go:69","msg":"Fetch GitHub commit ID from kodata failed: open /var/run/ko/HEAD: no such file or directory"}
{"level":"info","ts":1585031327.4861126,"logger":"fallback-logger","caller":"bash/main.go:64","msg":"Successfully executed command \"sh -c mkdir -p /workspace/source\"; output "}

Showing logs for build [32mcb-kubecd-environment-pr-187-15-w262r-1[0m stage [32mfrom-build-pack[0m and container [32mstep-place-tools[0m

Showing logs for build [32mcb-kubecd-environment-pr-187-15-w262r-1[0m stage [32mfrom-build-pack[0m and container [32mstep-git-source-cb-kubecd-environment-pr-187-15-w262r-mq5zn[0m
{"level":"warn","ts":1585031331.5614715,"logger":"fallback-logger","caller":"logging/config.go:69","msg":"Fetch GitHub commit ID from kodata failed: \"ref: refs/heads/0.8.0-**-support-backwards-incompats\" is not a valid GitHub commit ID"}
{"level":"info","ts":1585031332.6000993,"logger":"fallback-logger","caller":"git/git.go:103","msg":"Successfully cloned https://github.com/cb-kubecd/environment-pr-187-153-boot-gke-staging.git @ master in path /workspace/source"}

Showing logs for build [32mcb-kubecd-environment-pr-187-15-w262r-1[0m stage [32mfrom-build-pack[0m and container [32mstep-git-merge[0m
Using SHAs from PULL_REFS=master:c1c9402d446b1b4daf38dd0dfd36644d137593f0,1:a2ea7f173bc9c7a1e616d877e620d97d9a7f98cb
DEBUG: LC_ALL=C JX_LOG_LEVEL=error git fetch origin --unshallow a2ea7f173bc9c7a1e616d877e620d97d9a7f98cb: c1c9402d446b1b4daf38dd0dfd36644d137593f0:
DEBUG: ran git fetch --unshallow origin a2ea7f173bc9c7a1e616d877e620d97d9a7f98cb: c1c9402d446b1b4daf38dd0dfd36644d137593f0: in 
DEBUG: LC_ALL=C JX_LOG_LEVEL=error git branch
DEBUG: LC_ALL=C JX_LOG_LEVEL=error git checkout master
DEBUG: ran git checkout master in 
DEBUG: LC_ALL=C JX_LOG_LEVEL=error git reset --hard c1c9402d446b1b4daf38dd0dfd36644d137593f0
DEBUG: ran git reset --hard c1c9402d446b1b4daf38dd0dfd36644d137593f0 in 
DEBUG: LC_ALL=C JX_LOG_LEVEL=error git clean -fd .
DEBUG: ran clean --force -d . in 
DEBUG: LC_ALL=C JX_LOG_LEVEL=error git merge a2ea7f173bc9c7a1e616d877e620d97d9a7f98cb
DEBUG: ran git merge a2ea7f173bc9c7a1e616d877e620d97d9a7f98cb in 
DEBUG: LC_ALL=C JX_LOG_LEVEL=error git log --format=%H%x1f%an%x1f%ae%x1f%cn%x1f%ce%x1f%s%n%b%x1e c1c9402d446b1b4daf38dd0dfd36644d137593f0..HEAD
Merged SHA a2ea7f173bc9c7a1e616d877e620d97d9a7f98cb with commit message 'chore: Promote bdd-spring-1585030984 to version 0.0.1' into base branch master

Showing logs for build [32mcb-kubecd-environment-pr-187-15-w262r-1[0m stage [32mfrom-build-pack[0m and container [32mstep-build-helm-build[0m
WARNING: No $CHART_REPOSITORY defined so using the default value of: http://jenkins-x-chartmuseum:8080
Adding missing Helm repo: storage.googleapis.com https://storage.googleapis.com/chartmuseum.jenkins-x.io
WARNING: No secrets found on "helm/repos" due: reading the secret "helm/repos" from vault: no secret "helm/repos" not found in vault
Read credentials for https://storage.googleapis.com/chartmuseum.jenkins-x.io from vault helm/repos
Successfully added Helm repository storage.googleapis.com.
Adding missing Helm repo: jenkins-x-chartmuseum http://jenkins-x-chartmuseum:8080
WARNING: No secrets found on "helm/repos" due: reading the secret "helm/repos" from vault: no secret "helm/repos" not found in vault
Read credentials for http://jenkins-x-chartmuseum:8080 from vault helm/repos
Successfully added Helm repository jenkins-x-chartmuseum.
WARNING: No $CHART_REPOSITORY defined so using the default value of: http://jenkins-x-chartmuseum:8080
Adding missing Helm repo: chartmuseum.jenkins-x.io http://chartmuseum.jenkins-x.io
WARNING: No secrets found on "helm/repos" due: reading the secret "helm/repos" from vault: no secret "helm/repos" not found in vault
Read credentials for http://chartmuseum.jenkins-x.io from vault helm/repos
Successfully added Helm repository chartmuseum.jenkins-x.io.
