
Showing logs for build [32mcb-kubecd-environment-pr-187-15-l4bdt-1[0m stage [32mfrom-build-pack[0m and container [32mstep-credential-initializer-xjnmr[0m
{"level":"warn","ts":1585035047.1090932,"logger":"fallback-logger","caller":"logging/config.go:69","msg":"Fetch GitHub commit ID from kodata failed: \"ref: refs/heads/0.8.0-**-support-backwards-incompats\" is not a valid GitHub commit ID"}
{"level":"info","ts":1585035047.109744,"logger":"fallback-logger","caller":"creds-init/main.go:40","msg":"Credentials initialized."}

Showing logs for build [32mcb-kubecd-environment-pr-187-15-l4bdt-1[0m stage [32mfrom-build-pack[0m and container [32mstep-working-dir-initializer-vrv4h[0m
{"level":"warn","ts":1585035048.0367973,"logger":"fallback-logger","caller":"logging/config.go:69","msg":"Fetch GitHub commit ID from kodata failed: open /var/run/ko/HEAD: no such file or directory"}
{"level":"info","ts":1585035048.0381868,"logger":"fallback-logger","caller":"bash/main.go:64","msg":"Successfully executed command \"sh -c mkdir -p /workspace/source\"; output "}

Showing logs for build [32mcb-kubecd-environment-pr-187-15-l4bdt-1[0m stage [32mfrom-build-pack[0m and container [32mstep-place-tools[0m

Showing logs for build [32mcb-kubecd-environment-pr-187-15-l4bdt-1[0m stage [32mfrom-build-pack[0m and container [32mstep-git-source-cb-kubecd-environment-pr-187-15-l4bdt-q86bk[0m
{"level":"warn","ts":1585035053.1758811,"logger":"fallback-logger","caller":"logging/config.go:69","msg":"Fetch GitHub commit ID from kodata failed: \"ref: refs/heads/0.8.0-**-support-backwards-incompats\" is not a valid GitHub commit ID"}
{"level":"info","ts":1585035054.2605515,"logger":"fallback-logger","caller":"git/git.go:103","msg":"Successfully cloned https://github.com/cb-kubecd/environment-pr-187-153-boot-gke-staging.git @ master in path /workspace/source"}

Showing logs for build [32mcb-kubecd-environment-pr-187-15-l4bdt-1[0m stage [32mfrom-build-pack[0m and container [32mstep-git-merge[0m
Using SHAs from PULL_REFS=master:f2415d84272bc52a6abbc83f0dbc3a51fcb2d9f9,6:376ed5d45e6a251f635395e5a19ced785617d488
DEBUG: LC_ALL=C JX_LOG_LEVEL=error git fetch origin --unshallow 376ed5d45e6a251f635395e5a19ced785617d488: f2415d84272bc52a6abbc83f0dbc3a51fcb2d9f9:
DEBUG: ran git fetch --unshallow origin 376ed5d45e6a251f635395e5a19ced785617d488: f2415d84272bc52a6abbc83f0dbc3a51fcb2d9f9: in 
DEBUG: LC_ALL=C JX_LOG_LEVEL=error git branch
DEBUG: LC_ALL=C JX_LOG_LEVEL=error git checkout master
DEBUG: ran git checkout master in 
DEBUG: LC_ALL=C JX_LOG_LEVEL=error git reset --hard f2415d84272bc52a6abbc83f0dbc3a51fcb2d9f9
DEBUG: ran git reset --hard f2415d84272bc52a6abbc83f0dbc3a51fcb2d9f9 in 
DEBUG: LC_ALL=C JX_LOG_LEVEL=error git clean -fd .
DEBUG: ran clean --force -d . in 
DEBUG: LC_ALL=C JX_LOG_LEVEL=error git merge 376ed5d45e6a251f635395e5a19ced785617d488
DEBUG: ran git merge 376ed5d45e6a251f635395e5a19ced785617d488 in 
DEBUG: LC_ALL=C JX_LOG_LEVEL=error git log --format=%H%x1f%an%x1f%ae%x1f%cn%x1f%ce%x1f%s%n%b%x1e f2415d84272bc52a6abbc83f0dbc3a51fcb2d9f9..HEAD
Merged SHA 376ed5d45e6a251f635395e5a19ced785617d488 with commit message 'chore: Promote bdd-sbhg-import-1585034295 to version 0.0.1' into base branch master

Showing logs for build [32mcb-kubecd-environment-pr-187-15-l4bdt-1[0m stage [32mfrom-build-pack[0m and container [32mstep-build-helm-build[0m
WARNING: No $CHART_REPOSITORY defined so using the default value of: http://jenkins-x-chartmuseum:8080
Adding missing Helm repo: storage.googleapis.com https://storage.googleapis.com/chartmuseum.jenkins-x.io
WARNING: No secrets found on "helm/repos" due: reading the secret "helm/repos" from vault: no secret "helm/repos" not found in vault
Read credentials for https://storage.googleapis.com/chartmuseum.jenkins-x.io from vault helm/repos
Successfully added Helm repository storage.googleapis.com.
Adding missing Helm repo: jenkins-x-chartmuseum http://jenkins-x-chartmuseum:8080
WARNING: No secrets found on "helm/repos" due: reading the secret "helm/repos" from vault: no secret "helm/repos" not found in vault
Read credentials for http://jenkins-x-chartmuseum:8080 from vault helm/repos
Successfully added Helm repository jenkins-x-chartmuseum.
WARNING: No $CHART_REPOSITORY defined so using the default value of: http://jenkins-x-chartmuseum:8080
Adding missing Helm repo: chartmuseum.jenkins-x.io http://chartmuseum.jenkins-x.io
WARNING: No secrets found on "helm/repos" due: reading the secret "helm/repos" from vault: no secret "helm/repos" not found in vault
Read credentials for http://chartmuseum.jenkins-x.io from vault helm/repos
Successfully added Helm repository chartmuseum.jenkins-x.io.
